<?xml version="1.0" encoding="UTF-8"?>
<!-- Generated by org.testng.reporters.JUnitXMLReporter -->
<testsuite ignored="0" hostname="Robika" failures="1" tests="3" name="Default test" time="13.227" errors="0" timestamp="2025-07-22T11:00:09 IST">
  <testcase classname="io.cucumber.testng.AbstractTestNGCucumberTests" name="runScenario" time="3.268"/>
  <testcase classname="io.cucumber.testng.AbstractTestNGCucumberTests" name="runScenario" time="3.639">
    <failure type="java.lang.AssertionError" message="Expected: Find Your Account  but got: Find Your Account">
      <![CDATA[java.lang.AssertionError: Expected: Find Your Account  but got: Find Your Account
at stepdefinitions.PasswordResetSteps.i_should_see_the_page(PasswordResetSteps.java:29)
at ✽.I should see the "Find Your Account " page(file:///C:/Users/robin/git/CucumberSeleniumFramework/CucumberSeleniumFramework/src/test/java/features/PasswordReset.feature:7)
]]>
    </failure>
  </testcase> <!-- runScenario -->
  <testcase classname="io.cucumber.testng.AbstractTestNGCucumberTests" name="runScenario" time="5.399"/>
</testsuite> <!-- Default test -->
